<?xml version="1.0" encoding="UTF-8"?>
<!-- Generated by org.testng.reporters.JUnitReportReporter -->
<testsuite skipped="0" hostname="DESKTOP-GOMK6OD" name="qaclickacademy.SeleniumTest" tests="2" failures="0" timestamp="19 Oct 2017 21:21:07 GMT" time="0.026" errors="0">
  <testcase name="elementsUi" time="0.007" classname="qaclickacademy.SeleniumTest"/>
  <testcase name="BrowserAUtomation" time="0.019" classname="qaclickacademy.SeleniumTest"/>
</testsuite> <!-- qaclickacademy.SeleniumTest -->
