<?xml version="1.0" encoding="UTF-8"?>
<!-- Generated by org.testng.reporters.JUnitReportReporter -->
<testsuite skipped="0" hostname="DESKTOP-GOMK6OD" name="qaclickacademy.RESTAPITest" tests="2" failures="0" timestamp="19 Oct 2017 21:21:07 GMT" time="0.004" errors="0">
  <testcase name="deleteTwitter" time="0.003" classname="qaclickacademy.RESTAPITest"/>
  <testcase name="postJira" time="0.001" classname="qaclickacademy.RESTAPITest"/>
</testsuite> <!-- qaclickacademy.RESTAPITest -->
